{"level":"info","message":"App listening on url: http://localhost:8080","timestamp":"2022-11-07T14:00:37.823Z"}
{"level":"info","message":"App listening on url: http://localhost:8080","timestamp":"2022-11-07T14:01:02.510Z"}
{"level":"info","message":"App listening on url: http://localhost:8080","timestamp":"2022-11-07T14:01:23.620Z"}
{"level":"info","message":"App listening on url: http://localhost:8080","timestamp":"2022-11-07T14:01:48.532Z"}
{"level":"info","message":"App listening on url: http://localhost:8080","timestamp":"2022-11-07T14:01:51.584Z"}
{"level":"info","message":"App listening on url: http://localhost:8080","timestamp":"2022-11-07T14:02:54.196Z"}
{"level":"info","message":"App listening on url: http://localhost:8080","timestamp":"2022-11-07T15:53:23.049Z"}
{"level":"info","message":"App listening on url: http://localhost:8080","timestamp":"2022-11-07T20:02:39.012Z"}
{"level":"info","message":"App listening on url: http://localhost:8080","timestamp":"2022-11-07T21:30:33.319Z"}
{"level":"info","message":"App listening on url: http://localhost:8080","timestamp":"2022-11-08T08:06:31.034Z"}
{"level":"info","message":"App listening on url: http://localhost:8080","timestamp":"2022-11-08T08:14:23.575Z"}
{"level":"info","message":"App listening on url: http://localhost:8080","timestamp":"2022-11-08T08:25:15.366Z"}
{"level":"info","message":"App listening on url: http://localhost:8080","timestamp":"2022-11-08T08:32:19.720Z"}
{"level":"info","message":"App listening on url: http://localhost:8080","timestamp":"2022-11-08T08:42:40.118Z"}
{"level":"info","message":"Mongo Db Connected.....","timestamp":"2022-11-08T08:42:40.147Z"}
{"level":"info","message":"App listening on url: http://localhost:8080","timestamp":"2022-11-08T09:00:11.594Z"}
{"level":"info","message":"Mongo Db Connected.....","timestamp":"2022-11-08T09:00:11.618Z"}
{"message":"Joi.validate is not a function","stack":"TypeError: Joi.validate is not a function\n    at validateUser (C:\\Users\\ASUS User\\Desktop\\Project-Folder-exemple\\test-bon-artisant\\models\\user.js:40:16)\n    at addUser (C:\\Users\\ASUS User\\Desktop\\Project-Folder-exemple\\test-bon-artisant\\controllers\\userController.js:7:21)\n    at Layer.handle [as handle_request] (C:\\Users\\ASUS User\\Desktop\\Project-Folder-exemple\\test-bon-artisant\\node_modules\\express\\lib\\router\\layer.js:95:5)\n    at next (C:\\Users\\ASUS User\\Desktop\\Project-Folder-exemple\\test-bon-artisant\\node_modules\\express\\lib\\router\\route.js:144:13)\n    at Route.dispatch (C:\\Users\\ASUS User\\Desktop\\Project-Folder-exemple\\test-bon-artisant\\node_modules\\express\\lib\\router\\route.js:114:3)\n    at Layer.handle [as handle_request] (C:\\Users\\ASUS User\\Desktop\\Project-Folder-exemple\\test-bon-artisant\\node_modules\\express\\lib\\router\\layer.js:95:5)\n    at C:\\Users\\ASUS User\\Desktop\\Project-Folder-exemple\\test-bon-artisant\\node_modules\\express\\lib\\router\\index.js:284:15\n    at Function.process_params (C:\\Users\\ASUS User\\Desktop\\Project-Folder-exemple\\test-bon-artisant\\node_modules\\express\\lib\\router\\index.js:346:12)\n    at next (C:\\Users\\ASUS User\\Desktop\\Project-Folder-exemple\\test-bon-artisant\\node_modules\\express\\lib\\router\\index.js:280:10)\n    at Function.handle (C:\\Users\\ASUS User\\Desktop\\Project-Folder-exemple\\test-bon-artisant\\node_modules\\express\\lib\\router\\index.js:175:3)","level":"error","timestamp":"2022-11-08T09:03:53.674Z"}
{"level":"info","message":"App listening on url: http://localhost:8080","timestamp":"2022-11-08T09:04:27.031Z"}
{"level":"info","message":"Mongo Db Connected.....","timestamp":"2022-11-08T09:04:27.051Z"}
{"message":"Joi.validate is not a function","stack":"TypeError: Joi.validate is not a function\n    at validateUser (C:\\Users\\ASUS User\\Desktop\\Project-Folder-exemple\\test-bon-artisant\\models\\user.js:40:16)\n    at addUser (C:\\Users\\ASUS User\\Desktop\\Project-Folder-exemple\\test-bon-artisant\\controllers\\userController.js:7:21)\n    at Layer.handle [as handle_request] (C:\\Users\\ASUS User\\Desktop\\Project-Folder-exemple\\test-bon-artisant\\node_modules\\express\\lib\\router\\layer.js:95:5)\n    at next (C:\\Users\\ASUS User\\Desktop\\Project-Folder-exemple\\test-bon-artisant\\node_modules\\express\\lib\\router\\route.js:144:13)\n    at Route.dispatch (C:\\Users\\ASUS User\\Desktop\\Project-Folder-exemple\\test-bon-artisant\\node_modules\\express\\lib\\router\\route.js:114:3)\n    at Layer.handle [as handle_request] (C:\\Users\\ASUS User\\Desktop\\Project-Folder-exemple\\test-bon-artisant\\node_modules\\express\\lib\\router\\layer.js:95:5)\n    at C:\\Users\\ASUS User\\Desktop\\Project-Folder-exemple\\test-bon-artisant\\node_modules\\express\\lib\\router\\index.js:284:15\n    at Function.process_params (C:\\Users\\ASUS User\\Desktop\\Project-Folder-exemple\\test-bon-artisant\\node_modules\\express\\lib\\router\\index.js:346:12)\n    at next (C:\\Users\\ASUS User\\Desktop\\Project-Folder-exemple\\test-bon-artisant\\node_modules\\express\\lib\\router\\index.js:280:10)\n    at Function.handle (C:\\Users\\ASUS User\\Desktop\\Project-Folder-exemple\\test-bon-artisant\\node_modules\\express\\lib\\router\\index.js:175:3)","level":"error","timestamp":"2022-11-08T09:04:47.564Z"}
{"level":"info","message":"App listening on url: http://localhost:8080","timestamp":"2022-11-08T09:05:18.920Z"}
{"level":"info","message":"Mongo Db Connected.....","timestamp":"2022-11-08T09:05:18.990Z"}
{"message":"validate is not defined","stack":"ReferenceError: validate is not defined\n    at addUser (C:\\Users\\ASUS User\\Desktop\\Project-Folder-exemple\\test-bon-artisant\\controllers\\userController.js:7:21)\n    at Layer.handle [as handle_request] (C:\\Users\\ASUS User\\Desktop\\Project-Folder-exemple\\test-bon-artisant\\node_modules\\express\\lib\\router\\layer.js:95:5)\n    at next (C:\\Users\\ASUS User\\Desktop\\Project-Folder-exemple\\test-bon-artisant\\node_modules\\express\\lib\\router\\route.js:144:13)\n    at Route.dispatch (C:\\Users\\ASUS User\\Desktop\\Project-Folder-exemple\\test-bon-artisant\\node_modules\\express\\lib\\router\\route.js:114:3)\n    at Layer.handle [as handle_request] (C:\\Users\\ASUS User\\Desktop\\Project-Folder-exemple\\test-bon-artisant\\node_modules\\express\\lib\\router\\layer.js:95:5)\n    at C:\\Users\\ASUS User\\Desktop\\Project-Folder-exemple\\test-bon-artisant\\node_modules\\express\\lib\\router\\index.js:284:15\n    at Function.process_params (C:\\Users\\ASUS User\\Desktop\\Project-Folder-exemple\\test-bon-artisant\\node_modules\\express\\lib\\router\\index.js:346:12)\n    at next (C:\\Users\\ASUS User\\Desktop\\Project-Folder-exemple\\test-bon-artisant\\node_modules\\express\\lib\\router\\index.js:280:10)\n    at Function.handle (C:\\Users\\ASUS User\\Desktop\\Project-Folder-exemple\\test-bon-artisant\\node_modules\\express\\lib\\router\\index.js:175:3)\n    at router (C:\\Users\\ASUS User\\Desktop\\Project-Folder-exemple\\test-bon-artisant\\node_modules\\express\\lib\\router\\index.js:47:12)","level":"error","timestamp":"2022-11-08T09:05:22.021Z"}
{"level":"info","message":"App listening on url: http://localhost:8080","timestamp":"2022-11-08T09:06:10.678Z"}
{"level":"info","message":"Mongo Db Connected.....","timestamp":"2022-11-08T09:06:10.702Z"}
{"level":"info","message":"App listening on url: http://localhost:8080","timestamp":"2022-11-08T09:06:56.501Z"}
{"level":"info","message":"Mongo Db Connected.....","timestamp":"2022-11-08T09:06:56.541Z"}
{"level":"info","message":"App listening on url: http://localhost:8080","timestamp":"2022-11-08T09:07:23.016Z"}
{"level":"info","message":"Mongo Db Connected.....","timestamp":"2022-11-08T09:07:23.041Z"}
{"level":"info","message":"App listening on url: http://localhost:8080","timestamp":"2022-11-08T09:07:31.664Z"}
{"level":"info","message":"Mongo Db Connected.....","timestamp":"2022-11-08T09:07:31.694Z"}
{"message":"Joi.validate is not a function","stack":"TypeError: Joi.validate is not a function\n    at validateUser (C:\\Users\\ASUS User\\Desktop\\Project-Folder-exemple\\test-bon-artisant\\models\\user.js:40:16)\n    at addUser (C:\\Users\\ASUS User\\Desktop\\Project-Folder-exemple\\test-bon-artisant\\controllers\\userController.js:7:21)\n    at Layer.handle [as handle_request] (C:\\Users\\ASUS User\\Desktop\\Project-Folder-exemple\\test-bon-artisant\\node_modules\\express\\lib\\router\\layer.js:95:5)\n    at next (C:\\Users\\ASUS User\\Desktop\\Project-Folder-exemple\\test-bon-artisant\\node_modules\\express\\lib\\router\\route.js:144:13)\n    at Route.dispatch (C:\\Users\\ASUS User\\Desktop\\Project-Folder-exemple\\test-bon-artisant\\node_modules\\express\\lib\\router\\route.js:114:3)\n    at Layer.handle [as handle_request] (C:\\Users\\ASUS User\\Desktop\\Project-Folder-exemple\\test-bon-artisant\\node_modules\\express\\lib\\router\\layer.js:95:5)\n    at C:\\Users\\ASUS User\\Desktop\\Project-Folder-exemple\\test-bon-artisant\\node_modules\\express\\lib\\router\\index.js:284:15\n    at Function.process_params (C:\\Users\\ASUS User\\Desktop\\Project-Folder-exemple\\test-bon-artisant\\node_modules\\express\\lib\\router\\index.js:346:12)\n    at next (C:\\Users\\ASUS User\\Desktop\\Project-Folder-exemple\\test-bon-artisant\\node_modules\\express\\lib\\router\\index.js:280:10)\n    at Function.handle (C:\\Users\\ASUS User\\Desktop\\Project-Folder-exemple\\test-bon-artisant\\node_modules\\express\\lib\\router\\index.js:175:3)","level":"error","timestamp":"2022-11-08T09:07:49.950Z"}
{"level":"info","message":"App listening on url: http://localhost:8080","timestamp":"2022-11-08T09:08:46.476Z"}
{"level":"info","message":"Mongo Db Connected.....","timestamp":"2022-11-08T09:08:46.499Z"}
{"message":"Joi.validate is not a function","stack":"TypeError: Joi.validate is not a function\n    at validateUser (C:\\Users\\ASUS User\\Desktop\\Project-Folder-exemple\\test-bon-artisant\\models\\user.js:40:16)\n    at addUser (C:\\Users\\ASUS User\\Desktop\\Project-Folder-exemple\\test-bon-artisant\\controllers\\userController.js:7:21)\n    at Layer.handle [as handle_request] (C:\\Users\\ASUS User\\Desktop\\Project-Folder-exemple\\test-bon-artisant\\node_modules\\express\\lib\\router\\layer.js:95:5)\n    at next (C:\\Users\\ASUS User\\Desktop\\Project-Folder-exemple\\test-bon-artisant\\node_modules\\express\\lib\\router\\route.js:144:13)\n    at Route.dispatch (C:\\Users\\ASUS User\\Desktop\\Project-Folder-exemple\\test-bon-artisant\\node_modules\\express\\lib\\router\\route.js:114:3)\n    at Layer.handle [as handle_request] (C:\\Users\\ASUS User\\Desktop\\Project-Folder-exemple\\test-bon-artisant\\node_modules\\express\\lib\\router\\layer.js:95:5)\n    at C:\\Users\\ASUS User\\Desktop\\Project-Folder-exemple\\test-bon-artisant\\node_modules\\express\\lib\\router\\index.js:284:15\n    at Function.process_params (C:\\Users\\ASUS User\\Desktop\\Project-Folder-exemple\\test-bon-artisant\\node_modules\\express\\lib\\router\\index.js:346:12)\n    at next (C:\\Users\\ASUS User\\Desktop\\Project-Folder-exemple\\test-bon-artisant\\node_modules\\express\\lib\\router\\index.js:280:10)\n    at Function.handle (C:\\Users\\ASUS User\\Desktop\\Project-Folder-exemple\\test-bon-artisant\\node_modules\\express\\lib\\router\\index.js:175:3)","level":"error","timestamp":"2022-11-08T09:09:39.464Z"}
{"level":"info","message":"App listening on url: http://localhost:8080","timestamp":"2022-11-08T09:12:08.154Z"}
{"level":"info","message":"Mongo Db Connected.....","timestamp":"2022-11-08T09:12:08.177Z"}
{"message":"Joi.validate is not a function","stack":"TypeError: Joi.validate is not a function\n    at validateUser (C:\\Users\\ASUS User\\Desktop\\Project-Folder-exemple\\test-bon-artisant\\models\\user.js:40:16)\n    at addUser (C:\\Users\\ASUS User\\Desktop\\Project-Folder-exemple\\test-bon-artisant\\controllers\\userController.js:7:21)\n    at Layer.handle [as handle_request] (C:\\Users\\ASUS User\\Desktop\\Project-Folder-exemple\\test-bon-artisant\\node_modules\\express\\lib\\router\\layer.js:95:5)\n    at next (C:\\Users\\ASUS User\\Desktop\\Project-Folder-exemple\\test-bon-artisant\\node_modules\\express\\lib\\router\\route.js:144:13)\n    at Route.dispatch (C:\\Users\\ASUS User\\Desktop\\Project-Folder-exemple\\test-bon-artisant\\node_modules\\express\\lib\\router\\route.js:114:3)\n    at Layer.handle [as handle_request] (C:\\Users\\ASUS User\\Desktop\\Project-Folder-exemple\\test-bon-artisant\\node_modules\\express\\lib\\router\\layer.js:95:5)\n    at C:\\Users\\ASUS User\\Desktop\\Project-Folder-exemple\\test-bon-artisant\\node_modules\\express\\lib\\router\\index.js:284:15\n    at Function.process_params (C:\\Users\\ASUS User\\Desktop\\Project-Folder-exemple\\test-bon-artisant\\node_modules\\express\\lib\\router\\index.js:346:12)\n    at next (C:\\Users\\ASUS User\\Desktop\\Project-Folder-exemple\\test-bon-artisant\\node_modules\\express\\lib\\router\\index.js:280:10)\n    at Function.handle (C:\\Users\\ASUS User\\Desktop\\Project-Folder-exemple\\test-bon-artisant\\node_modules\\express\\lib\\router\\index.js:175:3)","level":"error","timestamp":"2022-11-08T09:12:16.823Z"}
{"level":"info","message":"App listening on url: http://localhost:8080","timestamp":"2022-11-08T09:13:25.799Z"}
{"level":"info","message":"Mongo Db Connected.....","timestamp":"2022-11-08T09:13:25.827Z"}
{"message":"Joi.validate is not a function","stack":"TypeError: Joi.validate is not a function\n    at validateUser (C:\\Users\\ASUS User\\Desktop\\Project-Folder-exemple\\test-bon-artisant\\models\\user.js:40:16)\n    at addUser (C:\\Users\\ASUS User\\Desktop\\Project-Folder-exemple\\test-bon-artisant\\controllers\\userController.js:7:21)\n    at Layer.handle [as handle_request] (C:\\Users\\ASUS User\\Desktop\\Project-Folder-exemple\\test-bon-artisant\\node_modules\\express\\lib\\router\\layer.js:95:5)\n    at next (C:\\Users\\ASUS User\\Desktop\\Project-Folder-exemple\\test-bon-artisant\\node_modules\\express\\lib\\router\\route.js:144:13)\n    at Route.dispatch (C:\\Users\\ASUS User\\Desktop\\Project-Folder-exemple\\test-bon-artisant\\node_modules\\express\\lib\\router\\route.js:114:3)\n    at Layer.handle [as handle_request] (C:\\Users\\ASUS User\\Desktop\\Project-Folder-exemple\\test-bon-artisant\\node_modules\\express\\lib\\router\\layer.js:95:5)\n    at C:\\Users\\ASUS User\\Desktop\\Project-Folder-exemple\\test-bon-artisant\\node_modules\\express\\lib\\router\\index.js:284:15\n    at Function.process_params (C:\\Users\\ASUS User\\Desktop\\Project-Folder-exemple\\test-bon-artisant\\node_modules\\express\\lib\\router\\index.js:346:12)\n    at next (C:\\Users\\ASUS User\\Desktop\\Project-Folder-exemple\\test-bon-artisant\\node_modules\\express\\lib\\router\\index.js:280:10)\n    at Function.handle (C:\\Users\\ASUS User\\Desktop\\Project-Folder-exemple\\test-bon-artisant\\node_modules\\express\\lib\\router\\index.js:175:3)","level":"error","timestamp":"2022-11-08T09:13:32.966Z"}
{"level":"info","message":"App listening on url: http://localhost:8080","timestamp":"2022-11-08T09:14:55.522Z"}
{"level":"info","message":"Mongo Db Connected.....","timestamp":"2022-11-08T09:14:55.546Z"}
{"level":"info","message":"App listening on url: http://localhost:8080","timestamp":"2022-11-08T09:15:15.362Z"}
{"level":"info","message":"Mongo Db Connected.....","timestamp":"2022-11-08T09:15:15.385Z"}
{"level":"info","message":"App listening on url: http://localhost:8080","timestamp":"2022-11-08T09:24:23.813Z"}
{"level":"info","message":"Mongo Db Connected.....","timestamp":"2022-11-08T09:24:23.834Z"}
{"level":"info","message":"App listening on url: http://localhost:8080","timestamp":"2022-11-08T09:24:32.678Z"}
{"level":"info","message":"Mongo Db Connected.....","timestamp":"2022-11-08T09:24:32.703Z"}
{"message":"Phones validation failed: type: Path `type` (`phone`) is shorter than the minimum allowed length (10).","stack":"ValidationError: Phones validation failed: type: Path `type` (`phone`) is shorter than the minimum allowed length (10).\n    at model.Document.invalidate (C:\\Users\\ASUS User\\Desktop\\Project-Folder-exemple\\test-bon-artisant\\node_modules\\mongoose\\lib\\document.js:3097:32)\n    at C:\\Users\\ASUS User\\Desktop\\Project-Folder-exemple\\test-bon-artisant\\node_modules\\mongoose\\lib\\document.js:2885:17\n    at C:\\Users\\ASUS User\\Desktop\\Project-Folder-exemple\\test-bon-artisant\\node_modules\\mongoose\\lib\\schematype.js:1349:9\n    at processTicksAndRejections (node:internal/process/task_queues:78:11)","errors":{"type":{"name":"ValidatorError","message":"Path `type` (`phone`) is shorter than the minimum allowed length (10).","properties":{"message":"Path `type` (`phone`) is shorter than the minimum allowed length (10).","type":"minlength","minlength":10,"path":"type","value":"phone"},"kind":"minlength","path":"type","value":"phone"}},"_message":"Phones validation failed","level":"error","timestamp":"2022-11-08T09:24:35.641Z"}
{"level":"info","message":"App listening on url: http://localhost:8080","timestamp":"2022-11-08T09:24:53.463Z"}
{"level":"info","message":"Mongo Db Connected.....","timestamp":"2022-11-08T09:24:53.490Z"}
{"level":"info","message":"App listening on url: http://localhost:8080","timestamp":"2022-11-08T09:25:00.430Z"}
{"level":"info","message":"App listening on url: http://localhost:8080","timestamp":"2022-11-08T09:25:31.059Z"}
{"level":"info","message":"Mongo Db Connected.....","timestamp":"2022-11-08T09:25:31.116Z"}
{"level":"info","message":"App listening on url: http://localhost:8080","timestamp":"2022-11-08T09:31:57.330Z"}
{"level":"info","message":"Mongo Db Connected.....","timestamp":"2022-11-08T09:31:57.384Z"}
{"level":"info","message":"App listening on url: http://localhost:8080","timestamp":"2022-11-08T09:32:08.251Z"}
{"level":"info","message":"Mongo Db Connected.....","timestamp":"2022-11-08T09:32:08.308Z"}
{"level":"info","message":"App listening on url: http://localhost:8080","timestamp":"2022-11-08T09:33:32.767Z"}
{"level":"info","message":"Mongo Db Connected.....","timestamp":"2022-11-08T09:33:32.816Z"}
{"level":"info","message":"App listening on url: http://localhost:8080","timestamp":"2022-11-08T09:34:14.625Z"}
{"level":"info","message":"Mongo Db Connected.....","timestamp":"2022-11-08T09:34:14.654Z"}
{"level":"info","message":"App listening on url: http://localhost:8080","timestamp":"2022-11-08T09:34:44.458Z"}
{"level":"info","message":"Mongo Db Connected.....","timestamp":"2022-11-08T09:34:44.479Z"}
{"level":"info","message":"App listening on url: http://localhost:8080","timestamp":"2022-11-08T09:34:53.986Z"}
{"level":"info","message":"Mongo Db Connected.....","timestamp":"2022-11-08T09:34:54.015Z"}
{"level":"info","message":"App listening on url: http://localhost:8080","timestamp":"2022-11-08T09:35:01.105Z"}
{"level":"info","message":"Mongo Db Connected.....","timestamp":"2022-11-08T09:35:01.135Z"}
{"level":"info","message":"App listening on url: http://localhost:8080","timestamp":"2022-11-08T09:35:15.576Z"}
{"level":"info","message":"Mongo Db Connected.....","timestamp":"2022-11-08T09:35:15.634Z"}
{"level":"info","message":"App listening on url: http://localhost:8080","timestamp":"2022-11-08T09:35:22.973Z"}
{"level":"info","message":"Mongo Db Connected.....","timestamp":"2022-11-08T09:35:23.032Z"}
{"level":"info","message":"App listening on url: http://localhost:8080","timestamp":"2022-11-08T09:35:48.473Z"}
{"level":"info","message":"Mongo Db Connected.....","timestamp":"2022-11-08T09:35:48.515Z"}
{"level":"info","message":"App listening on url: http://localhost:8080","timestamp":"2022-11-08T09:36:01.417Z"}
{"level":"info","message":"Mongo Db Connected.....","timestamp":"2022-11-08T09:36:01.439Z"}
{"level":"info","message":"App listening on url: http://localhost:8080","timestamp":"2022-11-08T09:36:08.715Z"}
{"level":"info","message":"Mongo Db Connected.....","timestamp":"2022-11-08T09:36:08.744Z"}
{"level":"info","message":"App listening on url: http://localhost:8080","timestamp":"2022-11-08T09:36:47.821Z"}
{"level":"info","message":"Mongo Db Connected.....","timestamp":"2022-11-08T09:36:47.906Z"}
{"level":"info","message":"App listening on url: http://localhost:8080","timestamp":"2022-11-08T09:37:17.732Z"}
{"level":"info","message":"Mongo Db Connected.....","timestamp":"2022-11-08T09:37:17.758Z"}
{"level":"info","message":"App listening on url: http://localhost:8080","timestamp":"2022-11-08T09:39:12.391Z"}
{"level":"info","message":"Mongo Db Connected.....","timestamp":"2022-11-08T09:39:12.431Z"}
{"level":"info","message":"App listening on url: http://localhost:8080","timestamp":"2022-11-08T09:44:44.361Z"}
{"level":"info","message":"Mongo Db Connected.....","timestamp":"2022-11-08T09:44:44.388Z"}
{"message":"Phone is not defined","stack":"ReferenceError: Phone is not defined\n    at getPhones (C:\\Users\\ASUS User\\Desktop\\Project-Folder-exemple\\test-bon-artisant\\controllers\\phoneController.js:23:20)\n    at Layer.handle [as handle_request] (C:\\Users\\ASUS User\\Desktop\\Project-Folder-exemple\\test-bon-artisant\\node_modules\\express\\lib\\router\\layer.js:95:5)\n    at next (C:\\Users\\ASUS User\\Desktop\\Project-Folder-exemple\\test-bon-artisant\\node_modules\\express\\lib\\router\\route.js:144:13)\n    at module.exports (C:\\Users\\ASUS User\\Desktop\\Project-Folder-exemple\\test-bon-artisant\\middleware\\auth.js:12:13)\n    at Layer.handle [as handle_request] (C:\\Users\\ASUS User\\Desktop\\Project-Folder-exemple\\test-bon-artisant\\node_modules\\express\\lib\\router\\layer.js:95:5)\n    at next (C:\\Users\\ASUS User\\Desktop\\Project-Folder-exemple\\test-bon-artisant\\node_modules\\express\\lib\\router\\route.js:144:13)\n    at Route.dispatch (C:\\Users\\ASUS User\\Desktop\\Project-Folder-exemple\\test-bon-artisant\\node_modules\\express\\lib\\router\\route.js:114:3)\n    at Layer.handle [as handle_request] (C:\\Users\\ASUS User\\Desktop\\Project-Folder-exemple\\test-bon-artisant\\node_modules\\express\\lib\\router\\layer.js:95:5)\n    at C:\\Users\\ASUS User\\Desktop\\Project-Folder-exemple\\test-bon-artisant\\node_modules\\express\\lib\\router\\index.js:284:15\n    at Function.process_params (C:\\Users\\ASUS User\\Desktop\\Project-Folder-exemple\\test-bon-artisant\\node_modules\\express\\lib\\router\\index.js:346:12)","level":"error","timestamp":"2022-11-08T09:47:04.569Z"}
{"level":"info","message":"App listening on url: http://localhost:8080","timestamp":"2022-11-08T09:48:55.224Z"}
{"level":"info","message":"Mongo Db Connected.....","timestamp":"2022-11-08T09:48:55.274Z"}
{"message":"Cannot read properties of undefined (reading 'find')","stack":"TypeError: Cannot read properties of undefined (reading 'find')\n    at getPhones (C:\\Users\\ASUS User\\Desktop\\Project-Folder-exemple\\test-bon-artisant\\controllers\\phoneController.js:23:32)\n    at Layer.handle [as handle_request] (C:\\Users\\ASUS User\\Desktop\\Project-Folder-exemple\\test-bon-artisant\\node_modules\\express\\lib\\router\\layer.js:95:5)\n    at next (C:\\Users\\ASUS User\\Desktop\\Project-Folder-exemple\\test-bon-artisant\\node_modules\\express\\lib\\router\\route.js:144:13)\n    at module.exports (C:\\Users\\ASUS User\\Desktop\\Project-Folder-exemple\\test-bon-artisant\\middleware\\auth.js:12:13)\n    at Layer.handle [as handle_request] (C:\\Users\\ASUS User\\Desktop\\Project-Folder-exemple\\test-bon-artisant\\node_modules\\express\\lib\\router\\layer.js:95:5)\n    at next (C:\\Users\\ASUS User\\Desktop\\Project-Folder-exemple\\test-bon-artisant\\node_modules\\express\\lib\\router\\route.js:144:13)\n    at Route.dispatch (C:\\Users\\ASUS User\\Desktop\\Project-Folder-exemple\\test-bon-artisant\\node_modules\\express\\lib\\router\\route.js:114:3)\n    at Layer.handle [as handle_request] (C:\\Users\\ASUS User\\Desktop\\Project-Folder-exemple\\test-bon-artisant\\node_modules\\express\\lib\\router\\layer.js:95:5)\n    at C:\\Users\\ASUS User\\Desktop\\Project-Folder-exemple\\test-bon-artisant\\node_modules\\express\\lib\\router\\index.js:284:15\n    at Function.process_params (C:\\Users\\ASUS User\\Desktop\\Project-Folder-exemple\\test-bon-artisant\\node_modules\\express\\lib\\router\\index.js:346:12)","level":"error","timestamp":"2022-11-08T09:49:30.741Z"}
{"level":"info","message":"App listening on url: http://localhost:8080","timestamp":"2022-11-08T09:49:50.502Z"}
{"level":"info","message":"Mongo Db Connected.....","timestamp":"2022-11-08T09:49:50.526Z"}
{"level":"info","message":"App listening on url: http://localhost:8080","timestamp":"2022-11-08T09:50:05.747Z"}
{"level":"info","message":"Mongo Db Connected.....","timestamp":"2022-11-08T09:50:05.770Z"}
{"level":"info","message":"App listening on url: http://localhost:8080","timestamp":"2022-11-08T09:51:02.424Z"}
{"level":"info","message":"Mongo Db Connected.....","timestamp":"2022-11-08T09:51:02.453Z"}
{"level":"info","message":"App listening on url: http://localhost:8080","timestamp":"2022-11-08T09:51:23.899Z"}
{"level":"info","message":"Mongo Db Connected.....","timestamp":"2022-11-08T09:51:23.933Z"}
{"level":"info","message":"App listening on url: http://localhost:8080","timestamp":"2022-11-08T15:17:06.748Z"}
{"level":"info","message":"Mongo Db Connected.....","timestamp":"2022-11-08T15:17:06.773Z"}
{"level":"info","message":"App listening on url: http://localhost:8080","timestamp":"2022-11-08T17:01:07.983Z"}
{"level":"info","message":"Mongo Db Connected.....","timestamp":"2022-11-08T17:01:08.044Z"}
{"level":"info","message":"App listening on url: http://localhost:8080","timestamp":"2022-11-09T09:34:54.532Z"}
{"level":"info","message":"Mongo Db Connected.....","timestamp":"2022-11-09T09:34:54.573Z"}
{"level":"info","message":"App listening on url: http://localhost:8080","timestamp":"2022-11-09T14:38:02.314Z"}
{"level":"info","message":"Mongo Db Connected.....","timestamp":"2022-11-09T14:38:02.338Z"}
{"level":"info","message":"App listening on url: http://localhost:8080","timestamp":"2022-11-09T15:06:46.506Z"}
{"level":"info","message":"Mongo Db Connected.....","timestamp":"2022-11-09T15:06:46.528Z"}
{"level":"info","message":"App listening on url: http://localhost:8080","timestamp":"2022-11-09T20:59:34.482Z"}
{"level":"info","message":"Mongo Db Connected.....","timestamp":"2022-11-09T20:59:34.513Z"}
{"message":"Unexpected token } in JSON at position 95","stack":"SyntaxError: Unexpected token } in JSON at position 95\n    at JSON.parse (<anonymous>)\n    at parse (C:\\Users\\ASUS User\\Desktop\\Project-Folder-exemple\\test-bon-artisant\\backend\\node_modules\\body-parser\\lib\\types\\json.js:89:19)\n    at C:\\Users\\ASUS User\\Desktop\\Project-Folder-exemple\\test-bon-artisant\\backend\\node_modules\\body-parser\\lib\\read.js:128:18\n    at AsyncResource.runInAsyncScope (node:async_hooks:202:9)\n    at invokeCallback (C:\\Users\\ASUS User\\Desktop\\Project-Folder-exemple\\test-bon-artisant\\backend\\node_modules\\raw-body\\index.js:231:16)\n    at done (C:\\Users\\ASUS User\\Desktop\\Project-Folder-exemple\\test-bon-artisant\\backend\\node_modules\\raw-body\\index.js:220:7)\n    at IncomingMessage.onEnd (C:\\Users\\ASUS User\\Desktop\\Project-Folder-exemple\\test-bon-artisant\\backend\\node_modules\\raw-body\\index.js:280:7)\n    at IncomingMessage.emit (node:events:539:35)\n    at endReadableNT (node:internal/streams/readable:1345:12)\n    at processTicksAndRejections (node:internal/process/task_queues:83:21)","expose":true,"statusCode":400,"status":400,"body":"{   \r\n    \"name\": \"JhonWick6\",\r\n    \"email\": \"test25@gmail.com\",\r\n    \"password\": \"password\",\r\n}","type":"entity.parse.failed","level":"error","timestamp":"2022-11-09T22:11:12.780Z"}
{"level":"info","message":"App listening on url: http://localhost:8080","timestamp":"2022-11-09T23:42:27.032Z"}
{"level":"info","message":"Mongo Db Connected.....","timestamp":"2022-11-09T23:42:27.063Z"}
{"level":"info","message":"App listening on url: http://localhost:8080","timestamp":"2022-11-10T07:07:31.592Z"}
{"level":"info","message":"Mongo Db Connected.....","timestamp":"2022-11-10T07:07:31.673Z"}
